<?xml version="1.0" encoding="UTF-8"?>
<!-- Generated by org.testng.reporters.JUnitXMLReporter -->
<testsuite hostname="DESKTOP-87H0121" ignored="0" name="Pending Request Test" tests="1" failures="1" timestamp="30 May 2022 10:28:35 GMT" time="0.187" errors="0">
  <testcase name="VerifypendingLeaveRequest" time="0.109" classname="org.testCases.TestPending">
    <failure type="java.lang.NullPointerException">
      <![CDATA[java.lang.NullPointerException
at org.openqa.selenium.support.pagefactory.DefaultElementLocator.findElement(DefaultElementLocator.java:70)
at org.openqa.selenium.support.pagefactory.internal.LocatingElementHandler.invoke(LocatingElementHandler.java:39)
at com.sun.proxy.$Proxy14.sendKeys(Unknown Source)
at org.testCases.TestPending.VerifypendingLeaveRequest(TestPending.java:27)
... Removed 25 stack frames]]>
    </failure>
  </testcase> <!-- VerifypendingLeaveRequest -->
</testsuite> <!-- Pending Request Test -->
