<?xml version="1.0" encoding="UTF-8"?>
<!-- Generated by org.testng.reporters.JUnitXMLReporter -->
<testsuite hostname="DESKTOP-87H0121" ignored="0" name="User Role Test" tests="1" failures="1" timestamp="30 May 2022 10:28:35 GMT" time="0.037" errors="0">
  <testcase name="checkTestUser" time="0.031" classname="org.testCases.TestUserRole">
    <failure type="java.lang.IllegalArgumentException" message="Driver must be set">
      <![CDATA[java.lang.IllegalArgumentException: Driver must be set
at org.openqa.selenium.internal.Require.nonNull(Require.java:59)
at org.openqa.selenium.interactions.Actions.<init>(Actions.java:68)
at org.testCases.TestUserRole.users(TestUserRole.java:18)
at org.testCases.TestUserRole.checkTestUser(TestUserRole.java:47)
... Removed 25 stack frames]]>
    </failure>
  </testcase> <!-- checkTestUser -->
</testsuite> <!-- User Role Test -->
