<?xml version="1.0" encoding="UTF-8"?>
<testng-results skipped="0" failed="0" ignored="0" total="2" passed="2">
  <reporter-output>
  </reporter-output>
  <suite name="HRM Test Suite" duration-ms="14961" started-at="2022-06-03T14:15:14Z" finished-at="2022-06-03T14:15:29Z">
    <groups>
    </groups>
    <test name="Pending Request Test" duration-ms="9188" started-at="2022-06-03T14:15:14Z" finished-at="2022-06-03T14:15:23Z">
      <class name="org.testCases.TestPendingRequest">
        <test-method status="PASS" signature="VerifypendingLeaveRequest()[pri:0, instance:org.testCases.TestPendingRequest@ae45eb6]" name="VerifypendingLeaveRequest" duration-ms="9141" started-at="2022-06-03T14:15:14Z" finished-at="2022-06-03T14:15:23Z">
          <reporter-output>
          </reporter-output>
        </test-method> <!-- VerifypendingLeaveRequest -->
      </class> <!-- org.testCases.TestPendingRequest -->
    </test> <!-- Pending Request Test -->
    <test name="User Role Test" duration-ms="5709" started-at="2022-06-03T14:15:23Z" finished-at="2022-06-03T14:15:29Z">
      <class name="org.testCases.TestUserRole">
        <test-method status="PASS" signature="launchBrowser()[pri:0, instance:org.testCases.TestUserRole@f6c48ac]" name="launchBrowser" is-config="true" duration-ms="16933" started-at="2022-06-03T14:14:57Z" finished-at="2022-06-03T14:15:14Z">
          <reporter-output>
          </reporter-output>
        </test-method> <!-- launchBrowser -->
        <test-method status="PASS" signature="checkTestUser()[pri:0, instance:org.testCases.TestUserRole@f6c48ac]" name="checkTestUser" duration-ms="5701" started-at="2022-06-03T14:15:23Z" finished-at="2022-06-03T14:15:29Z">
          <reporter-output>
          </reporter-output>
        </test-method> <!-- checkTestUser -->
        <test-method status="PASS" signature="tearDown()[pri:0, instance:org.testCases.TestUserRole@f6c48ac]" name="tearDown" is-config="true" duration-ms="983" started-at="2022-06-03T14:15:29Z" finished-at="2022-06-03T14:15:30Z">
          <reporter-output>
          </reporter-output>
        </test-method> <!-- tearDown -->
      </class> <!-- org.testCases.TestUserRole -->
    </test> <!-- User Role Test -->
  </suite> <!-- HRM Test Suite -->
</testng-results>
